0 info it worked if it ends with ok
1 verbose cli [ '/usr/local/bin/node',
1 verbose cli   '/usr/local/bin/npm',
1 verbose cli   'install',
1 verbose cli   'url-loader',
1 verbose cli   '--save-dev' ]
2 info using npm@2.15.8
3 info using node@v4.4.7
4 verbose install initial load of /Users/facultymatt/Sites/personal/august-2016-portfolio-redux-simple/package.json
5 warn package.json @ No description
6 warn package.json @ No repository field.
7 warn package.json @ No README data
8 verbose installManyTop reading scoped package data from /Users/facultymatt/Sites/personal/august-2016-portfolio-redux-simple/node_modules/angular/package.json
9 verbose installManyTop reading scoped package data from /Users/facultymatt/Sites/personal/august-2016-portfolio-redux-simple/node_modules/angular-mocks/package.json
10 verbose installManyTop reading scoped package data from /Users/facultymatt/Sites/personal/august-2016-portfolio-redux-simple/node_modules/angular-sanitize/package.json
11 verbose installManyTop reading scoped package data from /Users/facultymatt/Sites/personal/august-2016-portfolio-redux-simple/node_modules/angular-ui-router/package.json
12 verbose installManyTop reading scoped package data from /Users/facultymatt/Sites/personal/august-2016-portfolio-redux-simple/node_modules/autoprefixer/package.json
13 verbose installManyTop reading scoped package data from /Users/facultymatt/Sites/personal/august-2016-portfolio-redux-simple/node_modules/babel-core/package.json
14 verbose installManyTop reading scoped package data from /Users/facultymatt/Sites/personal/august-2016-portfolio-redux-simple/node_modules/babel-eslint/package.json
15 verbose installManyTop reading scoped package data from /Users/facultymatt/Sites/personal/august-2016-portfolio-redux-simple/node_modules/babel-loader/package.json
16 verbose installManyTop reading scoped package data from /Users/facultymatt/Sites/personal/august-2016-portfolio-redux-simple/node_modules/babel-polyfill/package.json
17 verbose installManyTop reading scoped package data from /Users/facultymatt/Sites/personal/august-2016-portfolio-redux-simple/node_modules/babel-preset-es2015/package.json
18 verbose installManyTop reading scoped package data from /Users/facultymatt/Sites/personal/august-2016-portfolio-redux-simple/node_modules/browser-sync/package.json
19 verbose installManyTop reading scoped package data from /Users/facultymatt/Sites/personal/august-2016-portfolio-redux-simple/node_modules/browser-sync-spa/package.json
20 verbose installManyTop reading scoped package data from /Users/facultymatt/Sites/personal/august-2016-portfolio-redux-simple/node_modules/css-loader/package.json
21 verbose installManyTop reading scoped package data from /Users/facultymatt/Sites/personal/august-2016-portfolio-redux-simple/node_modules/del/package.json
22 verbose installManyTop reading scoped package data from /Users/facultymatt/Sites/personal/august-2016-portfolio-redux-simple/node_modules/es6-shim/package.json
23 verbose installManyTop reading scoped package data from /Users/facultymatt/Sites/personal/august-2016-portfolio-redux-simple/node_modules/eslint/package.json
24 verbose installManyTop reading scoped package data from /Users/facultymatt/Sites/personal/august-2016-portfolio-redux-simple/node_modules/eslint-config-angular/package.json
25 verbose installManyTop reading scoped package data from /Users/facultymatt/Sites/personal/august-2016-portfolio-redux-simple/node_modules/eslint-config-xo-space/package.json
26 verbose installManyTop reading scoped package data from /Users/facultymatt/Sites/personal/august-2016-portfolio-redux-simple/node_modules/eslint-loader/package.json
27 verbose installManyTop reading scoped package data from /Users/facultymatt/Sites/personal/august-2016-portfolio-redux-simple/node_modules/eslint-plugin-angular/package.json
28 verbose installManyTop reading scoped package data from /Users/facultymatt/Sites/personal/august-2016-portfolio-redux-simple/node_modules/eslint-plugin-babel/package.json
29 verbose installManyTop reading scoped package data from /Users/facultymatt/Sites/personal/august-2016-portfolio-redux-simple/node_modules/extract-text-webpack-plugin/package.json
30 verbose installManyTop reading scoped package data from /Users/facultymatt/Sites/personal/august-2016-portfolio-redux-simple/node_modules/file-loader/package.json
31 verbose installManyTop reading scoped package data from /Users/facultymatt/Sites/personal/august-2016-portfolio-redux-simple/node_modules/gulp/package.json
32 verbose installManyTop reading scoped package data from /Users/facultymatt/Sites/personal/august-2016-portfolio-redux-simple/node_modules/gulp-angular-filesort/package.json
33 verbose installManyTop reading scoped package data from /Users/facultymatt/Sites/personal/august-2016-portfolio-redux-simple/node_modules/gulp-angular-templatecache/package.json
34 verbose installManyTop reading scoped package data from /Users/facultymatt/Sites/personal/august-2016-portfolio-redux-simple/node_modules/gulp-filter/package.json
35 verbose installManyTop reading scoped package data from /Users/facultymatt/Sites/personal/august-2016-portfolio-redux-simple/node_modules/gulp-htmlmin/package.json
36 verbose installManyTop reading scoped package data from /Users/facultymatt/Sites/personal/august-2016-portfolio-redux-simple/node_modules/gulp-hub/package.json
37 verbose installManyTop reading scoped package data from /Users/facultymatt/Sites/personal/august-2016-portfolio-redux-simple/node_modules/gulp-insert/package.json
38 verbose installManyTop reading scoped package data from /Users/facultymatt/Sites/personal/august-2016-portfolio-redux-simple/node_modules/gulp-ng-annotate/package.json
39 verbose installManyTop reading scoped package data from /Users/facultymatt/Sites/personal/august-2016-portfolio-redux-simple/node_modules/gulp-sass/package.json
40 verbose installManyTop reading scoped package data from /Users/facultymatt/Sites/personal/august-2016-portfolio-redux-simple/node_modules/gulp-util/package.json
41 verbose installManyTop reading scoped package data from /Users/facultymatt/Sites/personal/august-2016-portfolio-redux-simple/node_modules/gyronorm/package.json
42 verbose installManyTop reading scoped package data from /Users/facultymatt/Sites/personal/august-2016-portfolio-redux-simple/node_modules/html-loader/package.json
43 verbose installManyTop reading scoped package data from /Users/facultymatt/Sites/personal/august-2016-portfolio-redux-simple/node_modules/html-webpack-plugin/package.json
44 verbose installManyTop reading scoped package data from /Users/facultymatt/Sites/personal/august-2016-portfolio-redux-simple/node_modules/isparta-loader/package.json
45 verbose installManyTop reading scoped package data from /Users/facultymatt/Sites/personal/august-2016-portfolio-redux-simple/node_modules/jasmine/package.json
46 verbose installManyTop reading scoped package data from /Users/facultymatt/Sites/personal/august-2016-portfolio-redux-simple/node_modules/jasmine-core/package.json
47 verbose installManyTop reading scoped package data from /Users/facultymatt/Sites/personal/august-2016-portfolio-redux-simple/node_modules/jquery/package.json
48 verbose installManyTop reading scoped package data from /Users/facultymatt/Sites/personal/august-2016-portfolio-redux-simple/node_modules/json-loader/package.json
49 verbose installManyTop reading scoped package data from /Users/facultymatt/Sites/personal/august-2016-portfolio-redux-simple/node_modules/karma/package.json
50 verbose installManyTop reading scoped package data from /Users/facultymatt/Sites/personal/august-2016-portfolio-redux-simple/node_modules/karma-angular-filesort/package.json
51 verbose installManyTop reading scoped package data from /Users/facultymatt/Sites/personal/august-2016-portfolio-redux-simple/node_modules/karma-coverage/package.json
52 verbose installManyTop reading scoped package data from /Users/facultymatt/Sites/personal/august-2016-portfolio-redux-simple/node_modules/karma-jasmine/package.json
53 verbose installManyTop reading scoped package data from /Users/facultymatt/Sites/personal/august-2016-portfolio-redux-simple/node_modules/karma-junit-reporter/package.json
54 verbose installManyTop reading scoped package data from /Users/facultymatt/Sites/personal/august-2016-portfolio-redux-simple/node_modules/karma-ng-html2js-preprocessor/package.json
55 verbose installManyTop reading scoped package data from /Users/facultymatt/Sites/personal/august-2016-portfolio-redux-simple/node_modules/karma-phantomjs-launcher/package.json
56 verbose installManyTop reading scoped package data from /Users/facultymatt/Sites/personal/august-2016-portfolio-redux-simple/node_modules/karma-phantomjs-shim/package.json
57 verbose installManyTop reading scoped package data from /Users/facultymatt/Sites/personal/august-2016-portfolio-redux-simple/node_modules/karma-webpack/package.json
58 verbose installManyTop reading scoped package data from /Users/facultymatt/Sites/personal/august-2016-portfolio-redux-simple/node_modules/ng-annotate-loader/package.json
59 verbose installManyTop reading scoped package data from /Users/facultymatt/Sites/personal/august-2016-portfolio-redux-simple/node_modules/node-sass/package.json
60 verbose installManyTop reading scoped package data from /Users/facultymatt/Sites/personal/august-2016-portfolio-redux-simple/node_modules/object-fit-images/package.json
61 verbose installManyTop reading scoped package data from /Users/facultymatt/Sites/personal/august-2016-portfolio-redux-simple/node_modules/paver/package.json
62 verbose installManyTop reading scoped package data from /Users/facultymatt/Sites/personal/august-2016-portfolio-redux-simple/node_modules/phantomjs-prebuilt/package.json
63 verbose installManyTop reading scoped package data from /Users/facultymatt/Sites/personal/august-2016-portfolio-redux-simple/node_modules/postcss-loader/package.json
64 verbose installManyTop reading scoped package data from /Users/facultymatt/Sites/personal/august-2016-portfolio-redux-simple/node_modules/sass-loader/package.json
65 verbose installManyTop reading scoped package data from /Users/facultymatt/Sites/personal/august-2016-portfolio-redux-simple/node_modules/style-loader/package.json
66 verbose installManyTop reading scoped package data from /Users/facultymatt/Sites/personal/august-2016-portfolio-redux-simple/node_modules/webpack/package.json
67 verbose readDependencies loading dependencies from /Users/facultymatt/Sites/personal/august-2016-portfolio-redux-simple/package.json
68 silly cache add args [ 'url-loader', null ]
69 verbose cache add spec url-loader
70 silly cache add parsed spec Result {
70 silly cache add   raw: 'url-loader',
70 silly cache add   scope: null,
70 silly cache add   name: 'url-loader',
70 silly cache add   rawSpec: '',
70 silly cache add   spec: 'latest',
70 silly cache add   type: 'tag' }
71 silly addNamed url-loader@latest
72 verbose addNamed "latest" is being treated as a dist-tag for url-loader
73 info addNameTag [ 'url-loader', 'latest' ]
74 silly mapToRegistry name url-loader
75 silly mapToRegistry using default registry
76 silly mapToRegistry registry https://registry.npmjs.org/
77 silly mapToRegistry data Result {
77 silly mapToRegistry   raw: 'url-loader',
77 silly mapToRegistry   scope: null,
77 silly mapToRegistry   name: 'url-loader',
77 silly mapToRegistry   rawSpec: '',
77 silly mapToRegistry   spec: 'latest',
77 silly mapToRegistry   type: 'tag' }
78 silly mapToRegistry uri https://registry.npmjs.org/url-loader
79 verbose addNameTag registry:https://registry.npmjs.org/url-loader not in flight; fetching
80 verbose request uri https://registry.npmjs.org/url-loader
81 verbose request no auth needed
82 info attempt registry request try #1 at 7:20:26 PM
83 verbose request id a63ef995ca258819
84 http request GET https://registry.npmjs.org/url-loader
85 http 200 https://registry.npmjs.org/url-loader
86 verbose headers { server: 'CouchDB/1.5.0 (Erlang OTP/R16B03)',
86 verbose headers   etag: '"C15SX3K86YT1646Z5W77PQ5H9"',
86 verbose headers   'content-type': 'application/json',
86 verbose headers   'content-encoding': 'gzip',
86 verbose headers   'cache-control': 'max-age=300',
86 verbose headers   'content-length': '2393',
86 verbose headers   'accept-ranges': 'bytes',
86 verbose headers   date: 'Wed, 24 Aug 2016 23:20:26 GMT',
86 verbose headers   via: '1.1 varnish',
86 verbose headers   age: '59',
86 verbose headers   connection: 'keep-alive',
86 verbose headers   'x-served-by': 'cache-bos8225-BOS',
86 verbose headers   'x-cache': 'HIT',
86 verbose headers   'x-cache-hits': '1',
86 verbose headers   'x-timer': 'S1472080826.395488,VS0,VE0',
86 verbose headers   vary: 'Accept-Encoding' }
87 silly get cb [ 200,
87 silly get   { server: 'CouchDB/1.5.0 (Erlang OTP/R16B03)',
87 silly get     etag: '"C15SX3K86YT1646Z5W77PQ5H9"',
87 silly get     'content-type': 'application/json',
87 silly get     'content-encoding': 'gzip',
87 silly get     'cache-control': 'max-age=300',
87 silly get     'content-length': '2393',
87 silly get     'accept-ranges': 'bytes',
87 silly get     date: 'Wed, 24 Aug 2016 23:20:26 GMT',
87 silly get     via: '1.1 varnish',
87 silly get     age: '59',
87 silly get     connection: 'keep-alive',
87 silly get     'x-served-by': 'cache-bos8225-BOS',
87 silly get     'x-cache': 'HIT',
87 silly get     'x-cache-hits': '1',
87 silly get     'x-timer': 'S1472080826.395488,VS0,VE0',
87 silly get     vary: 'Accept-Encoding' } ]
88 verbose get saving url-loader to /Users/facultymatt/.npm/registry.npmjs.org/url-loader/.cache.json
89 verbose correctMkdir /Users/facultymatt/.npm correctMkdir not in flight; initializing
90 silly addNameTag next cb for url-loader with tag latest
91 silly addNamed url-loader@0.5.7
92 verbose addNamed "0.5.7" is a plain semver version for url-loader
93 silly mapToRegistry name url-loader
94 silly mapToRegistry using default registry
95 silly mapToRegistry registry https://registry.npmjs.org/
96 silly mapToRegistry data Result {
96 silly mapToRegistry   raw: 'url-loader',
96 silly mapToRegistry   scope: null,
96 silly mapToRegistry   name: 'url-loader',
96 silly mapToRegistry   rawSpec: '',
96 silly mapToRegistry   spec: 'latest',
96 silly mapToRegistry   type: 'tag' }
97 silly mapToRegistry uri https://registry.npmjs.org/url-loader
98 verbose addRemoteTarball https://registry.npmjs.org/url-loader/-/url-loader-0.5.7.tgz not in flight; adding
99 verbose addRemoteTarball [ 'https://registry.npmjs.org/url-loader/-/url-loader-0.5.7.tgz',
99 verbose addRemoteTarball   '67e8779759f8000da74994906680c943a9b0925d' ]
100 info retry fetch attempt 1 at 7:20:26 PM
101 info attempt registry request try #1 at 7:20:26 PM
102 http fetch GET https://registry.npmjs.org/url-loader/-/url-loader-0.5.7.tgz
103 http fetch 200 https://registry.npmjs.org/url-loader/-/url-loader-0.5.7.tgz
104 silly fetchAndShaCheck shasum 67e8779759f8000da74994906680c943a9b0925d
105 verbose addTmpTarball /var/folders/_8/f2h98gv16zx3ml9pxzq5fmzc0000gq/T/npm-6543-3edb1f2f/registry.npmjs.org/url-loader/-/url-loader-0.5.7.tgz not in flight; adding
106 verbose addTmpTarball already have metadata; skipping unpack for url-loader@0.5.7
107 verbose correctMkdir /Users/facultymatt/.npm correctMkdir not in flight; initializing
108 silly cache afterAdd url-loader@0.5.7
109 verbose afterAdd /Users/facultymatt/.npm/url-loader/0.5.7/package/package.json not in flight; writing
110 verbose correctMkdir /Users/facultymatt/.npm correctMkdir not in flight; initializing
111 verbose afterAdd /Users/facultymatt/.npm/url-loader/0.5.7/package/package.json written
112 silly install resolved [ { name: 'url-loader',
112 silly install resolved     version: '0.5.7',
112 silly install resolved     author: { name: 'Tobias Koppers @sokra' },
112 silly install resolved     description: 'url loader module for webpack',
112 silly install resolved     dependencies: { 'loader-utils': '0.2.x', mime: '1.2.x' },
112 silly install resolved     peerDependencies: { 'file-loader': '*' },
112 silly install resolved     repository:
112 silly install resolved      { type: 'git',
112 silly install resolved        url: 'git+ssh://git@github.com/webpack/url-loader.git' },
112 silly install resolved     license: 'MIT',
112 silly install resolved     gitHead: 'fa139f418caf45e0c638eb171a4d40cb77b6b78d',
112 silly install resolved     bugs: { url: 'https://github.com/webpack/url-loader/issues' },
112 silly install resolved     homepage: 'https://github.com/webpack/url-loader#readme',
112 silly install resolved     _id: 'url-loader@0.5.7',
112 silly install resolved     scripts: {},
112 silly install resolved     _shasum: '67e8779759f8000da74994906680c943a9b0925d',
112 silly install resolved     _from: 'url-loader@latest',
112 silly install resolved     _npmVersion: '2.10.1',
112 silly install resolved     _nodeVersion: '0.12.4',
112 silly install resolved     _npmUser: { name: 'sokra', email: 'tobias.koppers@googlemail.com' },
112 silly install resolved     maintainers: [ [Object] ],
112 silly install resolved     dist:
112 silly install resolved      { shasum: '67e8779759f8000da74994906680c943a9b0925d',
112 silly install resolved        tarball: 'https://registry.npmjs.org/url-loader/-/url-loader-0.5.7.tgz' },
112 silly install resolved     directories: {},
112 silly install resolved     _resolved: 'https://registry.npmjs.org/url-loader/-/url-loader-0.5.7.tgz' } ]
113 info install url-loader@0.5.7 into /Users/facultymatt/Sites/personal/august-2016-portfolio-redux-simple
114 info installOne url-loader@0.5.7
115 verbose installOne of url-loader to /Users/facultymatt/Sites/personal/august-2016-portfolio-redux-simple not in flight; installing
116 verbose correctMkdir /Users/facultymatt/.npm/_locks correctMkdir not in flight; initializing
117 verbose lock using /Users/facultymatt/.npm/_locks/url-loader-71a09c2a05ec4783.lock for /Users/facultymatt/Sites/personal/august-2016-portfolio-redux-simple/node_modules/url-loader
118 silly install write writing url-loader 0.5.7 to /Users/facultymatt/Sites/personal/august-2016-portfolio-redux-simple/node_modules/url-loader
119 verbose unbuild node_modules/url-loader
120 silly gentlyRm /Users/facultymatt/Sites/personal/august-2016-portfolio-redux-simple/node_modules/url-loader is being purged from base /Users/facultymatt/Sites/personal/august-2016-portfolio-redux-simple
121 verbose gentlyRm don't care about contents; nuking /Users/facultymatt/Sites/personal/august-2016-portfolio-redux-simple/node_modules/url-loader
122 verbose tar unpack /Users/facultymatt/.npm/url-loader/0.5.7/package.tgz
123 verbose tar unpacking to /Users/facultymatt/Sites/personal/august-2016-portfolio-redux-simple/node_modules/url-loader
124 silly gentlyRm /Users/facultymatt/Sites/personal/august-2016-portfolio-redux-simple/node_modules/url-loader is being purged
125 verbose gentlyRm don't care about contents; nuking /Users/facultymatt/Sites/personal/august-2016-portfolio-redux-simple/node_modules/url-loader
126 silly gunzTarPerm modes [ '755', '644' ]
127 silly gunzTarPerm extractEntry package.json
128 silly gunzTarPerm modified mode [ 'package.json', 438, 420 ]
129 silly gunzTarPerm extractEntry .npmignore
130 silly gunzTarPerm modified mode [ '.npmignore', 438, 420 ]
131 silly gunzTarPerm extractEntry README.md
132 silly gunzTarPerm modified mode [ 'README.md', 438, 420 ]
133 silly gunzTarPerm extractEntry index.js
134 silly gunzTarPerm modified mode [ 'index.js', 438, 420 ]
135 verbose write writing to /Users/facultymatt/Sites/personal/august-2016-portfolio-redux-simple/node_modules/url-loader/package.json
136 info preinstall url-loader@0.5.7
137 verbose readDependencies loading dependencies from /Users/facultymatt/Sites/personal/august-2016-portfolio-redux-simple/node_modules/url-loader/package.json
138 silly prepareForInstallMany adding loader-utils@0.2.x from url-loader dependencies
139 silly prepareForInstallMany adding mime@1.2.x from url-loader dependencies
140 verbose readDependencies loading dependencies from /Users/facultymatt/Sites/personal/august-2016-portfolio-redux-simple/node_modules/url-loader/package.json
141 silly cache add args [ 'loader-utils@0.2.x', null ]
142 verbose cache add spec loader-utils@0.2.x
143 silly cache add args [ 'mime@1.2.x', null ]
144 verbose cache add spec mime@1.2.x
145 silly cache add parsed spec Result {
145 silly cache add   raw: 'loader-utils@0.2.x',
145 silly cache add   scope: null,
145 silly cache add   name: 'loader-utils',
145 silly cache add   rawSpec: '0.2.x',
145 silly cache add   spec: '>=0.2.0 <0.3.0',
145 silly cache add   type: 'range' }
146 silly addNamed loader-utils@>=0.2.0 <0.3.0
147 verbose addNamed ">=0.2.0 <0.3.0" is a valid semver range for loader-utils
148 silly addNameRange { name: 'loader-utils', range: '>=0.2.0 <0.3.0', hasData: false }
149 silly mapToRegistry name loader-utils
150 silly mapToRegistry using default registry
151 silly mapToRegistry registry https://registry.npmjs.org/
152 silly mapToRegistry data Result {
152 silly mapToRegistry   raw: 'loader-utils',
152 silly mapToRegistry   scope: null,
152 silly mapToRegistry   name: 'loader-utils',
152 silly mapToRegistry   rawSpec: '',
152 silly mapToRegistry   spec: 'latest',
152 silly mapToRegistry   type: 'tag' }
153 silly mapToRegistry uri https://registry.npmjs.org/loader-utils
154 verbose addNameRange registry:https://registry.npmjs.org/loader-utils not in flight; fetching
155 silly cache add parsed spec Result {
155 silly cache add   raw: 'mime@1.2.x',
155 silly cache add   scope: null,
155 silly cache add   name: 'mime',
155 silly cache add   rawSpec: '1.2.x',
155 silly cache add   spec: '>=1.2.0 <1.3.0',
155 silly cache add   type: 'range' }
156 silly addNamed mime@>=1.2.0 <1.3.0
157 verbose addNamed ">=1.2.0 <1.3.0" is a valid semver range for mime
158 silly addNameRange { name: 'mime', range: '>=1.2.0 <1.3.0', hasData: false }
159 silly mapToRegistry name mime
160 silly mapToRegistry using default registry
161 silly mapToRegistry registry https://registry.npmjs.org/
162 silly mapToRegistry data Result {
162 silly mapToRegistry   raw: 'mime',
162 silly mapToRegistry   scope: null,
162 silly mapToRegistry   name: 'mime',
162 silly mapToRegistry   rawSpec: '',
162 silly mapToRegistry   spec: 'latest',
162 silly mapToRegistry   type: 'tag' }
163 silly mapToRegistry uri https://registry.npmjs.org/mime
164 verbose addNameRange registry:https://registry.npmjs.org/mime not in flight; fetching
165 verbose request uri https://registry.npmjs.org/loader-utils
166 verbose request no auth needed
167 info attempt registry request try #1 at 7:20:26 PM
168 verbose etag "40L22Y3PF5J7POK9Q9N4M0LKZ"
169 http request GET https://registry.npmjs.org/loader-utils
170 verbose request uri https://registry.npmjs.org/mime
171 verbose request no auth needed
172 info attempt registry request try #1 at 7:20:26 PM
173 verbose etag "7V8ATNV70Z0P69FM1KT5I71ZG"
174 http request GET https://registry.npmjs.org/mime
175 http 304 https://registry.npmjs.org/loader-utils
176 verbose headers { date: 'Wed, 24 Aug 2016 23:20:26 GMT',
176 verbose headers   via: '1.1 varnish',
176 verbose headers   'cache-control': 'max-age=300',
176 verbose headers   etag: '"40L22Y3PF5J7POK9Q9N4M0LKZ"',
176 verbose headers   age: '30',
176 verbose headers   connection: 'keep-alive',
176 verbose headers   'x-served-by': 'cache-bos8225-BOS',
176 verbose headers   'x-cache': 'HIT',
176 verbose headers   'x-cache-hits': '1',
176 verbose headers   'x-timer': 'S1472080826.657095,VS0,VE0',
176 verbose headers   vary: 'Accept-Encoding' }
177 silly get cb [ 304,
177 silly get   { date: 'Wed, 24 Aug 2016 23:20:26 GMT',
177 silly get     via: '1.1 varnish',
177 silly get     'cache-control': 'max-age=300',
177 silly get     etag: '"40L22Y3PF5J7POK9Q9N4M0LKZ"',
177 silly get     age: '30',
177 silly get     connection: 'keep-alive',
177 silly get     'x-served-by': 'cache-bos8225-BOS',
177 silly get     'x-cache': 'HIT',
177 silly get     'x-cache-hits': '1',
177 silly get     'x-timer': 'S1472080826.657095,VS0,VE0',
177 silly get     vary: 'Accept-Encoding' } ]
178 verbose etag https://registry.npmjs.org/loader-utils from cache
179 verbose get saving loader-utils to /Users/facultymatt/.npm/registry.npmjs.org/loader-utils/.cache.json
180 verbose correctMkdir /Users/facultymatt/.npm correctMkdir not in flight; initializing
181 silly addNameRange number 2 { name: 'loader-utils', range: '>=0.2.0 <0.3.0', hasData: true }
182 silly addNameRange versions [ 'loader-utils',
182 silly addNameRange   [ '0.1.0',
182 silly addNameRange     '0.1.1',
182 silly addNameRange     '0.1.2',
182 silly addNameRange     '0.2.0',
182 silly addNameRange     '0.2.1',
182 silly addNameRange     '0.2.2',
182 silly addNameRange     '0.2.3',
182 silly addNameRange     '0.2.4',
182 silly addNameRange     '0.2.5',
182 silly addNameRange     '0.2.6',
182 silly addNameRange     '0.2.7',
182 silly addNameRange     '0.2.8',
182 silly addNameRange     '0.2.9',
182 silly addNameRange     '0.2.10',
182 silly addNameRange     '0.2.11',
182 silly addNameRange     '0.2.12',
182 silly addNameRange     '0.2.13',
182 silly addNameRange     '0.2.14',
182 silly addNameRange     '0.2.15' ] ]
183 silly addNamed loader-utils@0.2.15
184 verbose addNamed "0.2.15" is a plain semver version for loader-utils
185 silly cache afterAdd loader-utils@0.2.15
186 verbose afterAdd /Users/facultymatt/.npm/loader-utils/0.2.15/package/package.json not in flight; writing
187 verbose correctMkdir /Users/facultymatt/.npm correctMkdir not in flight; initializing
188 verbose afterAdd /Users/facultymatt/.npm/loader-utils/0.2.15/package/package.json written
189 http 304 https://registry.npmjs.org/mime
190 verbose headers { date: 'Wed, 24 Aug 2016 23:20:26 GMT',
190 verbose headers   via: '1.1 varnish',
190 verbose headers   'cache-control': 'max-age=300',
190 verbose headers   etag: '"7V8ATNV70Z0P69FM1KT5I71ZG"',
190 verbose headers   age: '0',
190 verbose headers   connection: 'keep-alive',
190 verbose headers   'x-served-by': 'cache-bos8230-BOS',
190 verbose headers   'x-cache': 'HIT',
190 verbose headers   'x-cache-hits': '1',
190 verbose headers   'x-timer': 'S1472080826.676693,VS0,VE439',
190 verbose headers   vary: 'Accept-Encoding' }
191 silly get cb [ 304,
191 silly get   { date: 'Wed, 24 Aug 2016 23:20:26 GMT',
191 silly get     via: '1.1 varnish',
191 silly get     'cache-control': 'max-age=300',
191 silly get     etag: '"7V8ATNV70Z0P69FM1KT5I71ZG"',
191 silly get     age: '0',
191 silly get     connection: 'keep-alive',
191 silly get     'x-served-by': 'cache-bos8230-BOS',
191 silly get     'x-cache': 'HIT',
191 silly get     'x-cache-hits': '1',
191 silly get     'x-timer': 'S1472080826.676693,VS0,VE439',
191 silly get     vary: 'Accept-Encoding' } ]
192 verbose etag https://registry.npmjs.org/mime from cache
193 verbose get saving mime to /Users/facultymatt/.npm/registry.npmjs.org/mime/.cache.json
194 verbose correctMkdir /Users/facultymatt/.npm correctMkdir not in flight; initializing
195 silly addNameRange number 2 { name: 'mime', range: '>=1.2.0 <1.3.0', hasData: true }
196 silly addNameRange versions [ 'mime',
196 silly addNameRange   [ '1.0.0',
196 silly addNameRange     '1.1.0',
196 silly addNameRange     '1.2.1',
196 silly addNameRange     '1.2.2',
196 silly addNameRange     '1.2.3',
196 silly addNameRange     '1.2.4',
196 silly addNameRange     '1.2.5',
196 silly addNameRange     '1.2.6',
196 silly addNameRange     '1.2.7',
196 silly addNameRange     '1.2.8',
196 silly addNameRange     '1.2.9',
196 silly addNameRange     '1.2.10',
196 silly addNameRange     '1.2.11',
196 silly addNameRange     '1.3.0',
196 silly addNameRange     '1.3.2',
196 silly addNameRange     '1.3.3',
196 silly addNameRange     '1.3.4' ] ]
197 silly addNamed mime@1.2.11
198 verbose addNamed "1.2.11" is a plain semver version for mime
199 silly cache afterAdd mime@1.2.11
200 verbose afterAdd /Users/facultymatt/.npm/mime/1.2.11/package/package.json not in flight; writing
201 verbose correctMkdir /Users/facultymatt/.npm correctMkdir not in flight; initializing
202 verbose afterAdd /Users/facultymatt/.npm/mime/1.2.11/package/package.json written
203 silly install resolved [ { name: 'loader-utils',
203 silly install resolved     version: '0.2.15',
203 silly install resolved     author: { name: 'Tobias Koppers @sokra' },
203 silly install resolved     description: 'utils for webpack loaders',
203 silly install resolved     dependencies:
203 silly install resolved      { 'big.js': '^3.1.3',
203 silly install resolved        'emojis-list': '^2.0.0',
203 silly install resolved        json5: '^0.5.0',
203 silly install resolved        'object-assign': '^4.0.1' },
203 silly install resolved     scripts:
203 silly install resolved      { test: 'mocha',
203 silly install resolved        travis: 'npm run cover -- --report lcovonly',
203 silly install resolved        cover: 'istanbul cover -x *.runtime.js node_modules/mocha/bin/_mocha',
203 silly install resolved        'publish-patch': 'mocha && npm version patch && git push && git push --tags && npm publish' },
203 silly install resolved     license: 'MIT',
203 silly install resolved     repository:
203 silly install resolved      { type: 'git',
203 silly install resolved        url: 'git+https://github.com/webpack/loader-utils.git' },
203 silly install resolved     devDependencies: { coveralls: '^2.11.2', istanbul: '^0.3.14', mocha: '^1.21.4' },
203 silly install resolved     files: [ 'index.js' ],
203 silly install resolved     gitHead: 'bed965bbcb54fa54beecfee2639e9585ab5ae020',
203 silly install resolved     bugs: { url: 'https://github.com/webpack/loader-utils/issues' },
203 silly install resolved     homepage: 'https://github.com/webpack/loader-utils#readme',
203 silly install resolved     _id: 'loader-utils@0.2.15',
203 silly install resolved     _shasum: 'c7df3342a9d4e2103dddc97d4060daccc246d6ac',
203 silly install resolved     _from: 'loader-utils@>=0.2.0 <0.3.0',
203 silly install resolved     _npmVersion: '3.8.3',
203 silly install resolved     _nodeVersion: '5.10.1',
203 silly install resolved     _npmUser: { name: 'sokra', email: 'tobias.koppers@googlemail.com' },
203 silly install resolved     dist:
203 silly install resolved      { shasum: 'c7df3342a9d4e2103dddc97d4060daccc246d6ac',
203 silly install resolved        tarball: 'https://registry.npmjs.org/loader-utils/-/loader-utils-0.2.15.tgz' },
203 silly install resolved     maintainers: [ [Object] ],
203 silly install resolved     _npmOperationalInternal:
203 silly install resolved      { host: 'packages-16-east.internal.npmjs.com',
203 silly install resolved        tmp: 'tmp/loader-utils-0.2.15.tgz_1463148639681_0.7935674281325191' },
203 silly install resolved     directories: {},
203 silly install resolved     _resolved: 'https://registry.npmjs.org/loader-utils/-/loader-utils-0.2.15.tgz',
203 silly install resolved     readme: 'ERROR: No README data found!' },
203 silly install resolved   { author:
203 silly install resolved      { name: 'Robert Kieffer',
203 silly install resolved        email: 'robert@broofa.com',
203 silly install resolved        url: 'http://github.com/broofa' },
203 silly install resolved     contributors: [ [Object] ],
203 silly install resolved     dependencies: {},
203 silly install resolved     description: 'A comprehensive library for mime-type mapping',
203 silly install resolved     devDependencies: {},
203 silly install resolved     keywords: [ 'util', 'mime' ],
203 silly install resolved     main: 'mime.js',
203 silly install resolved     name: 'mime',
203 silly install resolved     repository: { url: 'https://github.com/broofa/node-mime', type: 'git' },
203 silly install resolved     version: '1.2.11',
203 silly install resolved     readme: '# mime\n\nComprehensive MIME type mapping API. Includes all 600+ types and 800+ extensions defined by the Apache project, plus additional types submitted by the node.js community.\n\n## Install\n\nInstall with [npm](http://github.com/isaacs/npm):\n\n    npm install mime\n\n## API - Queries\n\n### mime.lookup(path)\nGet the mime type associated with a file, if no mime type is found `application/octet-stream` is returned. Performs a case-insensitive lookup using the extension in `path` (the substring after the last \'/\' or \'.\').  E.g.\n\n    var mime = require(\'mime\');\n\n    mime.lookup(\'/path/to/file.txt\');         // => \'text/plain\'\n    mime.lookup(\'file.txt\');                  // => \'text/plain\'\n    mime.lookup(\'.TXT\');                      // => \'text/plain\'\n    mime.lookup(\'htm\');                       // => \'text/html\'\n\n### mime.default_type\nSets the mime type returned when `mime.lookup` fails to find the extension searched for. (Default is `application/octet-stream`.)\n\n### mime.extension(type)\nGet the default extension for `type`\n\n    mime.extension(\'text/html\');                 // => \'html\'\n    mime.extension(\'application/octet-stream\');  // => \'bin\'\n\n### mime.charsets.lookup()\n\nMap mime-type to charset\n\n    mime.charsets.lookup(\'text/plain\');        // => \'UTF-8\'\n\n(The logic for charset lookups is pretty rudimentary.  Feel free to suggest improvements.)\n\n## API - Defining Custom Types\n\nThe following APIs allow you to add your own type mappings within your project.  If you feel a type should be included as part of node-mime, see [requesting new types](https://github.com/broofa/node-mime/wiki/Requesting-New-Types).\n\n### mime.define()\n\nAdd custom mime/extension mappings\n\n    mime.define({\n        \'text/x-some-format\': [\'x-sf\', \'x-sft\', \'x-sfml\'],\n        \'application/x-my-type\': [\'x-mt\', \'x-mtt\'],\n        // etc ...\n    });\n\n    mime.lookup(\'x-sft\');                 // => \'text/x-some-format\'\n\nThe first entry in the extensions array is returned by `mime.extension()`. E.g.\n\n    mime.extension(\'text/x-some-format\'); // => \'x-sf\'\n\n### mime.load(filepath)\n\nLoad mappings from an Apache ".types" format file\n\n    mime.load(\'./my_project.types\');\n\nThe .types file format is simple -  See the `types` dir for examples.\n',
203 silly install resolved     readmeFilename: 'README.md',
203 silly install resolved     bugs: { url: 'https://github.com/broofa/node-mime/issues' },
203 silly install resolved     homepage: 'https://github.com/broofa/node-mime',
203 silly install resolved     _id: 'mime@1.2.11',
203 silly install resolved     _shasum: '58203eed86e3a5ef17aed2b7d9ebd47f0a60dd10',
203 silly install resolved     _from: 'mime@>=1.2.0 <1.3.0',
203 silly install resolved     _resolved: 'https://registry.npmjs.org/mime/-/mime-1.2.11.tgz',
203 silly install resolved     scripts: {} } ]
204 info install loader-utils@0.2.15 into /Users/facultymatt/Sites/personal/august-2016-portfolio-redux-simple/node_modules/url-loader
205 info install mime@1.2.11 into /Users/facultymatt/Sites/personal/august-2016-portfolio-redux-simple/node_modules/url-loader
206 info installOne loader-utils@0.2.15
207 verbose installOne of loader-utils to /Users/facultymatt/Sites/personal/august-2016-portfolio-redux-simple/node_modules/url-loader not in flight; installing
208 verbose correctMkdir /Users/facultymatt/.npm/_locks correctMkdir not in flight; initializing
209 info installOne mime@1.2.11
210 verbose installOne of mime to /Users/facultymatt/Sites/personal/august-2016-portfolio-redux-simple/node_modules/url-loader not in flight; installing
211 verbose correctMkdir /Users/facultymatt/.npm/_locks correctMkdir not in flight; initializing
212 verbose lock using /Users/facultymatt/.npm/_locks/mime-9334296028cfb0a0.lock for /Users/facultymatt/Sites/personal/august-2016-portfolio-redux-simple/node_modules/url-loader/node_modules/mime
213 verbose lock using /Users/facultymatt/.npm/_locks/loader-utils-13d78ef1e49ee9ac.lock for /Users/facultymatt/Sites/personal/august-2016-portfolio-redux-simple/node_modules/url-loader/node_modules/loader-utils
214 silly install write writing loader-utils 0.2.15 to /Users/facultymatt/Sites/personal/august-2016-portfolio-redux-simple/node_modules/url-loader/node_modules/loader-utils
215 silly install write writing mime 1.2.11 to /Users/facultymatt/Sites/personal/august-2016-portfolio-redux-simple/node_modules/url-loader/node_modules/mime
216 verbose unbuild node_modules/url-loader/node_modules/loader-utils
217 verbose unbuild node_modules/url-loader/node_modules/mime
218 silly gentlyRm /Users/facultymatt/Sites/personal/august-2016-portfolio-redux-simple/node_modules/url-loader/node_modules/loader-utils is being purged from base /Users/facultymatt/Sites/personal/august-2016-portfolio-redux-simple
219 verbose gentlyRm don't care about contents; nuking /Users/facultymatt/Sites/personal/august-2016-portfolio-redux-simple/node_modules/url-loader/node_modules/loader-utils
220 verbose tar unpack /Users/facultymatt/.npm/loader-utils/0.2.15/package.tgz
221 verbose tar unpacking to /Users/facultymatt/Sites/personal/august-2016-portfolio-redux-simple/node_modules/url-loader/node_modules/loader-utils
222 silly gentlyRm /Users/facultymatt/Sites/personal/august-2016-portfolio-redux-simple/node_modules/url-loader/node_modules/loader-utils is being purged
223 verbose gentlyRm don't care about contents; nuking /Users/facultymatt/Sites/personal/august-2016-portfolio-redux-simple/node_modules/url-loader/node_modules/loader-utils
224 silly gunzTarPerm modes [ '755', '644' ]
225 silly gentlyRm /Users/facultymatt/Sites/personal/august-2016-portfolio-redux-simple/node_modules/url-loader/node_modules/mime is being purged from base /Users/facultymatt/Sites/personal/august-2016-portfolio-redux-simple
226 verbose gentlyRm don't care about contents; nuking /Users/facultymatt/Sites/personal/august-2016-portfolio-redux-simple/node_modules/url-loader/node_modules/mime
227 verbose tar unpack /Users/facultymatt/.npm/mime/1.2.11/package.tgz
228 verbose tar unpacking to /Users/facultymatt/Sites/personal/august-2016-portfolio-redux-simple/node_modules/url-loader/node_modules/mime
229 silly gentlyRm /Users/facultymatt/Sites/personal/august-2016-portfolio-redux-simple/node_modules/url-loader/node_modules/mime is being purged
230 verbose gentlyRm don't care about contents; nuking /Users/facultymatt/Sites/personal/august-2016-portfolio-redux-simple/node_modules/url-loader/node_modules/mime
231 silly gunzTarPerm modes [ '755', '644' ]
232 silly gunzTarPerm extractEntry package.json
233 silly gunzTarPerm modified mode [ 'package.json', 438, 420 ]
234 silly gunzTarPerm extractEntry package.json
235 silly gunzTarPerm extractEntry README.md
236 silly gunzTarPerm modified mode [ 'README.md', 438, 420 ]
237 silly gunzTarPerm extractEntry LICENSE
238 silly gunzTarPerm modified mode [ 'LICENSE', 438, 420 ]
239 silly gunzTarPerm extractEntry README.md
240 silly gunzTarPerm extractEntry LICENSE
241 silly gunzTarPerm extractEntry index.js
242 silly gunzTarPerm modified mode [ 'index.js', 438, 420 ]
243 silly gunzTarPerm extractEntry mime.js
244 silly gunzTarPerm extractEntry test.js
245 silly gunzTarPerm extractEntry types/mime.types
246 silly gunzTarPerm extractEntry types/node.types
247 verbose write writing to /Users/facultymatt/Sites/personal/august-2016-portfolio-redux-simple/node_modules/url-loader/node_modules/loader-utils/package.json
248 info preinstall loader-utils@0.2.15
249 verbose readDependencies loading dependencies from /Users/facultymatt/Sites/personal/august-2016-portfolio-redux-simple/node_modules/url-loader/node_modules/loader-utils/package.json
250 silly prepareForInstallMany adding big.js@^3.1.3 from loader-utils dependencies
251 silly prepareForInstallMany adding emojis-list@^2.0.0 from loader-utils dependencies
252 silly prepareForInstallMany adding json5@^0.5.0 from loader-utils dependencies
253 silly prepareForInstallMany adding object-assign@^4.0.1 from loader-utils dependencies
254 verbose readDependencies loading dependencies from /Users/facultymatt/Sites/personal/august-2016-portfolio-redux-simple/node_modules/url-loader/node_modules/loader-utils/package.json
255 silly cache add args [ 'big.js@^3.1.3', null ]
256 verbose cache add spec big.js@^3.1.3
257 silly cache add args [ 'emojis-list@^2.0.0', null ]
258 verbose cache add spec emojis-list@^2.0.0
259 silly cache add parsed spec Result {
259 silly cache add   raw: 'big.js@^3.1.3',
259 silly cache add   scope: null,
259 silly cache add   name: 'big.js',
259 silly cache add   rawSpec: '^3.1.3',
259 silly cache add   spec: '>=3.1.3 <4.0.0',
259 silly cache add   type: 'range' }
260 silly addNamed big.js@>=3.1.3 <4.0.0
261 verbose addNamed ">=3.1.3 <4.0.0" is a valid semver range for big.js
262 silly addNameRange { name: 'big.js', range: '>=3.1.3 <4.0.0', hasData: false }
263 silly mapToRegistry name big.js
264 silly mapToRegistry using default registry
265 silly mapToRegistry registry https://registry.npmjs.org/
266 silly mapToRegistry data Result {
266 silly mapToRegistry   raw: 'big.js',
266 silly mapToRegistry   scope: null,
266 silly mapToRegistry   name: 'big.js',
266 silly mapToRegistry   rawSpec: '',
266 silly mapToRegistry   spec: 'latest',
266 silly mapToRegistry   type: 'tag' }
267 silly mapToRegistry uri https://registry.npmjs.org/big.js
268 verbose addNameRange registry:https://registry.npmjs.org/big.js not in flight; fetching
269 silly cache add parsed spec Result {
269 silly cache add   raw: 'emojis-list@^2.0.0',
269 silly cache add   scope: null,
269 silly cache add   name: 'emojis-list',
269 silly cache add   rawSpec: '^2.0.0',
269 silly cache add   spec: '>=2.0.0 <3.0.0',
269 silly cache add   type: 'range' }
270 silly addNamed emojis-list@>=2.0.0 <3.0.0
271 verbose addNamed ">=2.0.0 <3.0.0" is a valid semver range for emojis-list
272 silly addNameRange { name: 'emojis-list', range: '>=2.0.0 <3.0.0', hasData: false }
273 silly mapToRegistry name emojis-list
274 silly mapToRegistry using default registry
275 silly mapToRegistry registry https://registry.npmjs.org/
276 silly mapToRegistry data Result {
276 silly mapToRegistry   raw: 'emojis-list',
276 silly mapToRegistry   scope: null,
276 silly mapToRegistry   name: 'emojis-list',
276 silly mapToRegistry   rawSpec: '',
276 silly mapToRegistry   spec: 'latest',
276 silly mapToRegistry   type: 'tag' }
277 silly mapToRegistry uri https://registry.npmjs.org/emojis-list
278 verbose addNameRange registry:https://registry.npmjs.org/emojis-list not in flight; fetching
279 silly cache add args [ 'json5@^0.5.0', null ]
280 verbose cache add spec json5@^0.5.0
281 silly cache add parsed spec Result {
281 silly cache add   raw: 'json5@^0.5.0',
281 silly cache add   scope: null,
281 silly cache add   name: 'json5',
281 silly cache add   rawSpec: '^0.5.0',
281 silly cache add   spec: '>=0.5.0 <0.6.0',
281 silly cache add   type: 'range' }
282 silly addNamed json5@>=0.5.0 <0.6.0
283 verbose addNamed ">=0.5.0 <0.6.0" is a valid semver range for json5
284 silly addNameRange { name: 'json5', range: '>=0.5.0 <0.6.0', hasData: false }
285 silly mapToRegistry name json5
286 silly mapToRegistry using default registry
287 silly mapToRegistry registry https://registry.npmjs.org/
288 silly mapToRegistry data Result {
288 silly mapToRegistry   raw: 'json5',
288 silly mapToRegistry   scope: null,
288 silly mapToRegistry   name: 'json5',
288 silly mapToRegistry   rawSpec: '',
288 silly mapToRegistry   spec: 'latest',
288 silly mapToRegistry   type: 'tag' }
289 silly mapToRegistry uri https://registry.npmjs.org/json5
290 verbose addNameRange registry:https://registry.npmjs.org/json5 not in flight; fetching
291 silly cache add args [ 'object-assign@^4.0.1', null ]
292 verbose cache add spec object-assign@^4.0.1
293 silly cache add parsed spec Result {
293 silly cache add   raw: 'object-assign@^4.0.1',
293 silly cache add   scope: null,
293 silly cache add   name: 'object-assign',
293 silly cache add   rawSpec: '^4.0.1',
293 silly cache add   spec: '>=4.0.1 <5.0.0',
293 silly cache add   type: 'range' }
294 silly addNamed object-assign@>=4.0.1 <5.0.0
295 verbose addNamed ">=4.0.1 <5.0.0" is a valid semver range for object-assign
296 silly addNameRange { name: 'object-assign',
296 silly addNameRange   range: '>=4.0.1 <5.0.0',
296 silly addNameRange   hasData: false }
297 silly mapToRegistry name object-assign
298 silly mapToRegistry using default registry
299 silly mapToRegistry registry https://registry.npmjs.org/
300 silly mapToRegistry data Result {
300 silly mapToRegistry   raw: 'object-assign',
300 silly mapToRegistry   scope: null,
300 silly mapToRegistry   name: 'object-assign',
300 silly mapToRegistry   rawSpec: '',
300 silly mapToRegistry   spec: 'latest',
300 silly mapToRegistry   type: 'tag' }
301 silly mapToRegistry uri https://registry.npmjs.org/object-assign
302 verbose addNameRange registry:https://registry.npmjs.org/object-assign not in flight; fetching
303 verbose request uri https://registry.npmjs.org/big.js
304 verbose request no auth needed
305 info attempt registry request try #1 at 7:20:27 PM
306 verbose etag "DJZ7VK1GW0V84QAVPNRVS4YKK"
307 http request GET https://registry.npmjs.org/big.js
308 verbose request uri https://registry.npmjs.org/json5
309 verbose request no auth needed
310 info attempt registry request try #1 at 7:20:27 PM
311 verbose etag "2OEGZZCCCJ1UVETH7UNE2YILK"
312 http request GET https://registry.npmjs.org/json5
313 verbose request uri https://registry.npmjs.org/emojis-list
314 verbose request no auth needed
315 info attempt registry request try #1 at 7:20:27 PM
316 verbose etag "41EE0LRGH8QC2KIKKLC4B1J3"
317 http request GET https://registry.npmjs.org/emojis-list
318 verbose request uri https://registry.npmjs.org/object-assign
319 verbose request no auth needed
320 info attempt registry request try #1 at 7:20:27 PM
321 verbose etag "3U69R8928MHCQGIEYW45Y384G"
322 http request GET https://registry.npmjs.org/object-assign
323 http 304 https://registry.npmjs.org/big.js
324 verbose headers { date: 'Wed, 24 Aug 2016 23:20:27 GMT',
324 verbose headers   via: '1.1 varnish',
324 verbose headers   'cache-control': 'max-age=300',
324 verbose headers   etag: '"DJZ7VK1GW0V84QAVPNRVS4YKK"',
324 verbose headers   age: '28',
324 verbose headers   connection: 'keep-alive',
324 verbose headers   'x-served-by': 'cache-bos8225-BOS',
324 verbose headers   'x-cache': 'HIT',
324 verbose headers   'x-cache-hits': '1',
324 verbose headers   'x-timer': 'S1472080827.207711,VS0,VE0',
324 verbose headers   vary: 'Accept-Encoding' }
325 silly get cb [ 304,
325 silly get   { date: 'Wed, 24 Aug 2016 23:20:27 GMT',
325 silly get     via: '1.1 varnish',
325 silly get     'cache-control': 'max-age=300',
325 silly get     etag: '"DJZ7VK1GW0V84QAVPNRVS4YKK"',
325 silly get     age: '28',
325 silly get     connection: 'keep-alive',
325 silly get     'x-served-by': 'cache-bos8225-BOS',
325 silly get     'x-cache': 'HIT',
325 silly get     'x-cache-hits': '1',
325 silly get     'x-timer': 'S1472080827.207711,VS0,VE0',
325 silly get     vary: 'Accept-Encoding' } ]
326 verbose etag https://registry.npmjs.org/big.js from cache
327 verbose get saving big.js to /Users/facultymatt/.npm/registry.npmjs.org/big.js/.cache.json
328 verbose correctMkdir /Users/facultymatt/.npm correctMkdir not in flight; initializing
329 http 200 https://registry.npmjs.org/json5
330 verbose headers { server: 'CouchDB/1.5.0 (Erlang OTP/R16B03)',
330 verbose headers   etag: '"GZT8UIRRMNIV9KZGZ9WSL567"',
330 verbose headers   'content-type': 'application/json',
330 verbose headers   'content-encoding': 'gzip',
330 verbose headers   'cache-control': 'max-age=300',
330 verbose headers   'content-length': '5857',
330 verbose headers   'accept-ranges': 'bytes',
330 verbose headers   date: 'Wed, 24 Aug 2016 23:20:27 GMT',
330 verbose headers   via: '1.1 varnish',
330 verbose headers   age: '292',
330 verbose headers   connection: 'keep-alive',
330 verbose headers   'x-served-by': 'cache-bos8230-BOS',
330 verbose headers   'x-cache': 'HIT',
330 verbose headers   'x-cache-hits': '1',
330 verbose headers   'x-timer': 'S1472080827.209773,VS0,VE0',
330 verbose headers   vary: 'Accept-Encoding' }
331 silly get cb [ 200,
331 silly get   { server: 'CouchDB/1.5.0 (Erlang OTP/R16B03)',
331 silly get     etag: '"GZT8UIRRMNIV9KZGZ9WSL567"',
331 silly get     'content-type': 'application/json',
331 silly get     'content-encoding': 'gzip',
331 silly get     'cache-control': 'max-age=300',
331 silly get     'content-length': '5857',
331 silly get     'accept-ranges': 'bytes',
331 silly get     date: 'Wed, 24 Aug 2016 23:20:27 GMT',
331 silly get     via: '1.1 varnish',
331 silly get     age: '292',
331 silly get     connection: 'keep-alive',
331 silly get     'x-served-by': 'cache-bos8230-BOS',
331 silly get     'x-cache': 'HIT',
331 silly get     'x-cache-hits': '1',
331 silly get     'x-timer': 'S1472080827.209773,VS0,VE0',
331 silly get     vary: 'Accept-Encoding' } ]
332 verbose get saving json5 to /Users/facultymatt/.npm/registry.npmjs.org/json5/.cache.json
333 verbose correctMkdir /Users/facultymatt/.npm correctMkdir not in flight; initializing
334 verbose write writing to /Users/facultymatt/Sites/personal/august-2016-portfolio-redux-simple/node_modules/url-loader/node_modules/mime/package.json
335 silly addNameRange number 2 { name: 'big.js', range: '>=3.1.3 <4.0.0', hasData: true }
336 silly addNameRange versions [ 'big.js',
336 silly addNameRange   [ '2.0.0',
336 silly addNameRange     '2.1.0',
336 silly addNameRange     '2.2.0',
336 silly addNameRange     '2.4.0',
336 silly addNameRange     '2.4.1',
336 silly addNameRange     '2.5.0',
336 silly addNameRange     '2.5.1',
336 silly addNameRange     '3.0.0',
336 silly addNameRange     '3.0.1',
336 silly addNameRange     '3.0.2',
336 silly addNameRange     '3.1.1',
336 silly addNameRange     '3.1.2',
336 silly addNameRange     '3.1.3' ] ]
337 silly addNamed big.js@3.1.3
338 verbose addNamed "3.1.3" is a plain semver version for big.js
339 silly addNameRange number 2 { name: 'json5', range: '>=0.5.0 <0.6.0', hasData: true }
340 silly addNameRange versions [ 'json5',
340 silly addNameRange   [ '0.0.0', '0.0.1', '0.1.0', '0.2.0', '0.4.0', '0.5.0' ] ]
341 silly addNamed json5@0.5.0
342 verbose addNamed "0.5.0" is a plain semver version for json5
343 info preinstall mime@1.2.11
344 verbose readDependencies loading dependencies from /Users/facultymatt/Sites/personal/august-2016-portfolio-redux-simple/node_modules/url-loader/node_modules/mime/package.json
345 silly cache afterAdd json5@0.5.0
346 verbose afterAdd /Users/facultymatt/.npm/json5/0.5.0/package/package.json not in flight; writing
347 verbose correctMkdir /Users/facultymatt/.npm correctMkdir not in flight; initializing
348 silly cache afterAdd big.js@3.1.3
349 verbose afterAdd /Users/facultymatt/.npm/big.js/3.1.3/package/package.json not in flight; writing
350 verbose correctMkdir /Users/facultymatt/.npm correctMkdir not in flight; initializing
351 verbose readDependencies loading dependencies from /Users/facultymatt/Sites/personal/august-2016-portfolio-redux-simple/node_modules/url-loader/node_modules/mime/package.json
352 http 304 https://registry.npmjs.org/emojis-list
353 verbose headers { date: 'Wed, 24 Aug 2016 23:20:27 GMT',
353 verbose headers   via: '1.1 varnish',
353 verbose headers   'cache-control': 'max-age=300',
353 verbose headers   etag: '"41EE0LRGH8QC2KIKKLC4B1J3"',
353 verbose headers   age: '28',
353 verbose headers   connection: 'keep-alive',
353 verbose headers   'x-served-by': 'cache-bos8232-BOS',
353 verbose headers   'x-cache': 'HIT',
353 verbose headers   'x-cache-hits': '1',
353 verbose headers   'x-timer': 'S1472080827.229367,VS0,VE0',
353 verbose headers   vary: 'Accept-Encoding' }
354 silly get cb [ 304,
354 silly get   { date: 'Wed, 24 Aug 2016 23:20:27 GMT',
354 silly get     via: '1.1 varnish',
354 silly get     'cache-control': 'max-age=300',
354 silly get     etag: '"41EE0LRGH8QC2KIKKLC4B1J3"',
354 silly get     age: '28',
354 silly get     connection: 'keep-alive',
354 silly get     'x-served-by': 'cache-bos8232-BOS',
354 silly get     'x-cache': 'HIT',
354 silly get     'x-cache-hits': '1',
354 silly get     'x-timer': 'S1472080827.229367,VS0,VE0',
354 silly get     vary: 'Accept-Encoding' } ]
355 verbose etag https://registry.npmjs.org/emojis-list from cache
356 verbose get saving emojis-list to /Users/facultymatt/.npm/registry.npmjs.org/emojis-list/.cache.json
357 verbose correctMkdir /Users/facultymatt/.npm correctMkdir not in flight; initializing
358 verbose afterAdd /Users/facultymatt/.npm/json5/0.5.0/package/package.json written
359 verbose afterAdd /Users/facultymatt/.npm/big.js/3.1.3/package/package.json written
360 http 304 https://registry.npmjs.org/object-assign
361 verbose headers { date: 'Wed, 24 Aug 2016 23:20:27 GMT',
361 verbose headers   via: '1.1 varnish',
361 verbose headers   'cache-control': 'max-age=300',
361 verbose headers   etag: '"3U69R8928MHCQGIEYW45Y384G"',
361 verbose headers   age: '168',
361 verbose headers   connection: 'keep-alive',
361 verbose headers   'x-served-by': 'cache-bos8230-BOS',
361 verbose headers   'x-cache': 'HIT',
361 verbose headers   'x-cache-hits': '2',
361 verbose headers   'x-timer': 'S1472080827.232649,VS0,VE0',
361 verbose headers   vary: 'Accept-Encoding' }
362 silly get cb [ 304,
362 silly get   { date: 'Wed, 24 Aug 2016 23:20:27 GMT',
362 silly get     via: '1.1 varnish',
362 silly get     'cache-control': 'max-age=300',
362 silly get     etag: '"3U69R8928MHCQGIEYW45Y384G"',
362 silly get     age: '168',
362 silly get     connection: 'keep-alive',
362 silly get     'x-served-by': 'cache-bos8230-BOS',
362 silly get     'x-cache': 'HIT',
362 silly get     'x-cache-hits': '2',
362 silly get     'x-timer': 'S1472080827.232649,VS0,VE0',
362 silly get     vary: 'Accept-Encoding' } ]
363 verbose etag https://registry.npmjs.org/object-assign from cache
364 verbose get saving object-assign to /Users/facultymatt/.npm/registry.npmjs.org/object-assign/.cache.json
365 verbose correctMkdir /Users/facultymatt/.npm correctMkdir not in flight; initializing
366 silly install resolved []
367 verbose about to build /Users/facultymatt/Sites/personal/august-2016-portfolio-redux-simple/node_modules/url-loader/node_modules/mime
368 info build /Users/facultymatt/Sites/personal/august-2016-portfolio-redux-simple/node_modules/url-loader/node_modules/mime
369 info linkStuff mime@1.2.11
370 silly linkStuff mime@1.2.11 has /Users/facultymatt/Sites/personal/august-2016-portfolio-redux-simple/node_modules/url-loader/node_modules as its parent node_modules
371 silly addNameRange number 2 { name: 'emojis-list', range: '>=2.0.0 <3.0.0', hasData: true }
372 silly addNameRange versions [ 'emojis-list',
372 silly addNameRange   [ '1.0.0', '1.0.1', '1.0.2', '1.0.3', '2.0.0', '2.0.1' ] ]
373 silly addNamed emojis-list@2.0.1
374 verbose addNamed "2.0.1" is a plain semver version for emojis-list
375 silly addNameRange number 2 { name: 'object-assign', range: '>=4.0.1 <5.0.0', hasData: true }
376 silly addNameRange versions [ 'object-assign',
376 silly addNameRange   [ '0.1.0',
376 silly addNameRange     '0.1.1',
376 silly addNameRange     '0.1.2',
376 silly addNameRange     '0.2.0',
376 silly addNameRange     '0.2.1',
376 silly addNameRange     '0.2.2',
376 silly addNameRange     '0.3.0',
376 silly addNameRange     '0.3.1',
376 silly addNameRange     '0.4.0',
376 silly addNameRange     '1.0.0',
376 silly addNameRange     '2.0.0',
376 silly addNameRange     '3.0.0',
376 silly addNameRange     '2.1.1',
376 silly addNameRange     '4.0.0',
376 silly addNameRange     '4.0.1',
376 silly addNameRange     '4.1.0' ] ]
377 silly addNamed object-assign@4.1.0
378 verbose addNamed "4.1.0" is a plain semver version for object-assign
379 silly cache afterAdd emojis-list@2.0.1
380 verbose afterAdd /Users/facultymatt/.npm/emojis-list/2.0.1/package/package.json not in flight; writing
381 verbose correctMkdir /Users/facultymatt/.npm correctMkdir not in flight; initializing
382 verbose linkBins mime@1.2.11
383 verbose linkMans mime@1.2.11
384 verbose rebuildBundles mime@1.2.11
385 info install mime@1.2.11
386 info postinstall mime@1.2.11
387 silly cache afterAdd object-assign@4.1.0
388 verbose afterAdd /Users/facultymatt/.npm/object-assign/4.1.0/package/package.json not in flight; writing
389 verbose correctMkdir /Users/facultymatt/.npm correctMkdir not in flight; initializing
390 verbose afterAdd /Users/facultymatt/.npm/emojis-list/2.0.1/package/package.json written
391 verbose unlock done using /Users/facultymatt/.npm/_locks/mime-9334296028cfb0a0.lock for /Users/facultymatt/Sites/personal/august-2016-portfolio-redux-simple/node_modules/url-loader/node_modules/mime
392 verbose afterAdd /Users/facultymatt/.npm/object-assign/4.1.0/package/package.json written
393 silly install resolved [ { name: 'json5',
393 silly install resolved     version: '0.5.0',
393 silly install resolved     description: 'JSON for the ES5 era.',
393 silly install resolved     keywords: [ 'json', 'es5' ],
393 silly install resolved     author: { name: 'Aseem Kishore', email: 'aseem.kishore@gmail.com' },
393 silly install resolved     contributors: [ [Object], [Object], [Object] ],
393 silly install resolved     main: 'lib/json5.js',
393 silly install resolved     bin: { json5: 'lib/cli.js' },
393 silly install resolved     files: [ 'lib/' ],
393 silly install resolved     dependencies: {},
393 silly install resolved     devDependencies:
393 silly install resolved      { gulp: '^3.9.1',
393 silly install resolved        'gulp-jshint': '^2.0.0',
393 silly install resolved        jshint: '^2.9.1',
393 silly install resolved        'jshint-stylish': '^2.1.0',
393 silly install resolved        mocha: '^2.4.5' },
393 silly install resolved     scripts:
393 silly install resolved      { build: 'node ./lib/cli.js -c package.json5',
393 silly install resolved        test: 'mocha --ui exports --reporter spec' },
393 silly install resolved     homepage: 'http://json5.org/',
393 silly install resolved     license: 'MIT',
393 silly install resolved     repository: { type: 'git', url: 'git+https://github.com/aseemk/json5.git' },
393 silly install resolved     gitHead: 'c58c026a58dd0b71401f7aa99e891291a60820e3',
393 silly install resolved     bugs: { url: 'https://github.com/aseemk/json5/issues' },
393 silly install resolved     _id: 'json5@0.5.0',
393 silly install resolved     _shasum: '9b20715b026cbe3778fd769edccd822d8332a5b2',
393 silly install resolved     _from: 'json5@>=0.5.0 <0.6.0',
393 silly install resolved     _npmVersion: '3.7.3',
393 silly install resolved     _nodeVersion: '5.9.0',
393 silly install resolved     _npmUser: { name: 'jordanbtucker', email: 'jordanbtucker@gmail.com' },
393 silly install resolved     dist:
393 silly install resolved      { shasum: '9b20715b026cbe3778fd769edccd822d8332a5b2',
393 silly install resolved        tarball: 'https://registry.npmjs.org/json5/-/json5-0.5.0.tgz' },
393 silly install resolved     maintainers: [ [Object], [Object] ],
393 silly install resolved     _npmOperationalInternal:
393 silly install resolved      { host: 'packages-12-west.internal.npmjs.com',
393 silly install resolved        tmp: 'tmp/json5-0.5.0.tgz_1458238912216_0.23146007652394474' },
393 silly install resolved     directories: {},
393 silly install resolved     _resolved: 'https://registry.npmjs.org/json5/-/json5-0.5.0.tgz',
393 silly install resolved     readme: 'ERROR: No README data found!' },
393 silly install resolved   { name: 'big.js',
393 silly install resolved     description: 'A small, fast, easy-to-use library for arbitrary-precision decimal arithmetic',
393 silly install resolved     version: '3.1.3',
393 silly install resolved     keywords:
393 silly install resolved      [ 'arbitrary',
393 silly install resolved        'precision',
393 silly install resolved        'arithmetic',
393 silly install resolved        'big',
393 silly install resolved        'number',
393 silly install resolved        'decimal',
393 silly install resolved        'float',
393 silly install resolved        'biginteger',
393 silly install resolved        'bigdecimal',
393 silly install resolved        'bignumber',
393 silly install resolved        'bigint',
393 silly install resolved        'bignum' ],
393 silly install resolved     repository:
393 silly install resolved      { type: 'git',
393 silly install resolved        url: 'git+https://github.com/MikeMcl/big.js.git' },
393 silly install resolved     main: './big',
393 silly install resolved     author: { name: 'Michael Mclaughlin', email: 'M8ch88l@gmail.com' },
393 silly install resolved     bugs: { url: 'https://github.com/MikeMcl/big.js/issues' },
393 silly install resolved     engines: { node: '*' },
393 silly install resolved     license: 'MIT',
393 silly install resolved     scripts:
393 silly install resolved      { test: 'node ./test/every-test.js',
393 silly install resolved        build: 'uglifyjs -o ./big.min.js ./big.js' },
393 silly install resolved     files: [ 'big.js', 'big.min.js' ],
393 silly install resolved     gitHead: '86268e96b3dbf6db8ce319489f410277d9d4ea1b',
393 silly install resolved     homepage: 'https://github.com/MikeMcl/big.js#readme',
393 silly install resolved     _id: 'big.js@3.1.3',
393 silly install resolved     _shasum: '4cada2193652eb3ca9ec8e55c9015669c9806978',
393 silly install resolved     _from: 'big.js@>=3.1.3 <4.0.0',
393 silly install resolved     _npmVersion: '2.9.1',
393 silly install resolved     _nodeVersion: '0.12.0',
393 silly install resolved     _npmUser: { name: 'mikemcl', email: 'M8ch88l@gmail.com' },
393 silly install resolved     maintainers: [ [Object] ],
393 silly install resolved     dist:
393 silly install resolved      { shasum: '4cada2193652eb3ca9ec8e55c9015669c9806978',
393 silly install resolved        tarball: 'https://registry.npmjs.org/big.js/-/big.js-3.1.3.tgz' },
393 silly install resolved     directories: {},
393 silly install resolved     _resolved: 'https://registry.npmjs.org/big.js/-/big.js-3.1.3.tgz',
393 silly install resolved     readme: 'ERROR: No README data found!' },
393 silly install resolved   { name: 'emojis-list',
393 silly install resolved     description: 'Complete list of standard emojis.',
393 silly install resolved     homepage: 'https://github.com/Kikobeats/emojis-list',
393 silly install resolved     version: '2.0.1',
393 silly install resolved     main: './index.js',
393 silly install resolved     author:
393 silly install resolved      { name: 'Kiko Beats',
393 silly install resolved        email: 'josefrancisco.verdu@gmail.com',
393 silly install resolved        url: 'https://github.com/Kikobeats' },
393 silly install resolved     repository:
393 silly install resolved      { type: 'git',
393 silly install resolved        url: 'git+https://github.com/kikobeats/emojis-list.git' },
393 silly install resolved     bugs: { url: 'https://github.com/Kikobeats/emojis-list/issues' },
393 silly install resolved     keywords: [ 'archive', 'complete', 'emoji', 'list', 'standard' ],
393 silly install resolved     devDependencies:
393 silly install resolved      { acho: 'latest',
393 silly install resolved        browserify: 'latest',
393 silly install resolved        cheerio: 'latest',
393 silly install resolved        got: '>=5 <6',
393 silly install resolved        gulp: 'latest',
393 silly install resolved        'gulp-header': 'latest',
393 silly install resolved        'gulp-uglify': 'latest',
393 silly install resolved        'gulp-util': 'latest',
393 silly install resolved        standard: 'latest',
393 silly install resolved        'vinyl-buffer': 'latest',
393 silly install resolved        'vinyl-source-stream': 'latest' },
393 silly install resolved     engines: { node: '>= 0.10' },
393 silly install resolved     files: [ 'index.js' ],
393 silly install resolved     scripts:
393 silly install resolved      { pretest: 'standard update.js',
393 silly install resolved        test: 'echo \'YOLO\'',
393 silly install resolved        update: 'node update' },
393 silly install resolved     license: 'MIT',
393 silly install resolved     gitHead: 'f1188056dd40564e23dccee809d27b6eedff2b77',
393 silly install resolved     _id: 'emojis-list@2.0.1',
393 silly install resolved     _shasum: 'a174d9d0838eb36af3d0590bb6d3e8dcd94f4fbd',
393 silly install resolved     _from: 'emojis-list@>=2.0.0 <3.0.0',
393 silly install resolved     _npmVersion: '3.7.3',
393 silly install resolved     _nodeVersion: '5.9.0',
393 silly install resolved     _npmUser: { name: 'kikobeats', email: 'josefrancisco.verdu@gmail.com' },
393 silly install resolved     dist:
393 silly install resolved      { shasum: 'a174d9d0838eb36af3d0590bb6d3e8dcd94f4fbd',
393 silly install resolved        tarball: 'https://registry.npmjs.org/emojis-list/-/emojis-list-2.0.1.tgz' },
393 silly install resolved     maintainers: [ [Object] ],
393 silly install resolved     _npmOperationalInternal:
393 silly install resolved      { host: 'packages-12-west.internal.npmjs.com',
393 silly install resolved        tmp: 'tmp/emojis-list-2.0.1.tgz_1463051940954_0.1902820896357298' },
393 silly install resolved     directories: {},
393 silly install resolved     _resolved: 'https://registry.npmjs.org/emojis-list/-/emojis-list-2.0.1.tgz',
393 silly install resolved     readme: 'ERROR: No README data found!' },
393 silly install resolved   { name: 'object-assign',
393 silly install resolved     version: '4.1.0',
393 silly install resolved     description: 'ES2015 Object.assign() ponyfill',
393 silly install resolved     license: 'MIT',
393 silly install resolved     repository:
393 silly install resolved      { type: 'git',
393 silly install resolved        url: 'git://github.com/sindresorhus/object-assign' },
393 silly install resolved     author:
393 silly install resolved      { name: 'Sindre Sorhus',
393 silly install resolved        email: 'sindresorhus@gmail.com',
393 silly install resolved        url: 'sindresorhus.com' },
393 silly install resolved     engines: { node: '>=0.10.0' },
393 silly install resolved     scripts: { test: 'xo && mocha', bench: 'matcha bench.js' },
393 silly install resolved     files: [ 'index.js' ],
393 silly install resolved     keywords:
393 silly install resolved      [ 'object',
393 silly install resolved        'assign',
393 silly install resolved        'extend',
393 silly install resolved        'properties',
393 silly install resolved        'es2015',
393 silly install resolved        'ecmascript',
393 silly install resolved        'harmony',
393 silly install resolved        'ponyfill',
393 silly install resolved        'prollyfill',
393 silly install resolved        'polyfill',
393 silly install resolved        'shim',
393 silly install resolved        'browser' ],
393 silly install resolved     devDependencies: { lodash: '^4.8.2', matcha: '^0.7.0', mocha: '*', xo: '*' },
393 silly install resolved     readme: '# object-assign [![Build Status](https://travis-ci.org/sindresorhus/object-assign.svg?branch=master)](https://travis-ci.org/sindresorhus/object-assign)\n\n> ES2015 [`Object.assign()`](http://www.2ality.com/2014/01/object-assign.html) ponyfill\n\n> Ponyfill: A polyfill that doesn\'t overwrite the native method\n\n\n## Install\n\n```\n$ npm install --save object-assign\n```\n\n\n## Usage\n\n```js\nconst objectAssign = require(\'object-assign\');\n\nobjectAssign({foo: 0}, {bar: 1});\n//=> {foo: 0, bar: 1}\n\n// multiple sources\nobjectAssign({foo: 0}, {bar: 1}, {baz: 2});\n//=> {foo: 0, bar: 1, baz: 2}\n\n// overwrites equal keys\nobjectAssign({foo: 0}, {foo: 1}, {foo: 2});\n//=> {foo: 2}\n\n// ignores null and undefined sources\nobjectAssign({foo: 0}, null, {bar: 1}, undefined);\n//=> {foo: 0, bar: 1}\n```\n\n\n## API\n\n### objectAssign(target, source, [source, ...])\n\nAssigns enumerable own properties of `source` objects to the `target` object and returns the `target` object. Additional `source` objects will overwrite previous ones.\n\n\n## Resources\n\n- [ES2015 spec - Object.assign](https://people.mozilla.org/~jorendorff/es6-draft.html#sec-object.assign)\n\n\n## Related\n\n- [deep-assign](https://github.com/sindresorhus/deep-assign) - Recursive `Object.assign()`\n\n\n## License\n\nMIT  [Sindre Sorhus](https://sindresorhus.com)\n',
393 silly install resolved     readmeFilename: 'readme.md',
393 silly install resolved     bugs: { url: 'https://github.com/sindresorhus/object-assign/issues' },
393 silly install resolved     homepage: 'https://github.com/sindresorhus/object-assign',
393 silly install resolved     _id: 'object-assign@4.1.0',
393 silly install resolved     _shasum: '7a3b3d0e98063d43f4c03f2e8ae6cd51a86883a0',
393 silly install resolved     _from: 'object-assign@>=4.0.1 <5.0.0',
393 silly install resolved     _resolved: 'https://registry.npmjs.org/object-assign/-/object-assign-4.1.0.tgz' } ]
394 info install json5@0.5.0 into /Users/facultymatt/Sites/personal/august-2016-portfolio-redux-simple/node_modules/url-loader/node_modules/loader-utils
395 info install big.js@3.1.3 into /Users/facultymatt/Sites/personal/august-2016-portfolio-redux-simple/node_modules/url-loader/node_modules/loader-utils
396 info install emojis-list@2.0.1 into /Users/facultymatt/Sites/personal/august-2016-portfolio-redux-simple/node_modules/url-loader/node_modules/loader-utils
397 info install object-assign@4.1.0 into /Users/facultymatt/Sites/personal/august-2016-portfolio-redux-simple/node_modules/url-loader/node_modules/loader-utils
398 info installOne json5@0.5.0
399 verbose installOne of json5 to /Users/facultymatt/Sites/personal/august-2016-portfolio-redux-simple/node_modules/url-loader/node_modules/loader-utils not in flight; installing
400 verbose correctMkdir /Users/facultymatt/.npm/_locks correctMkdir not in flight; initializing
401 info installOne big.js@3.1.3
402 verbose installOne of big.js to /Users/facultymatt/Sites/personal/august-2016-portfolio-redux-simple/node_modules/url-loader/node_modules/loader-utils not in flight; installing
403 verbose correctMkdir /Users/facultymatt/.npm/_locks correctMkdir not in flight; initializing
404 info installOne emojis-list@2.0.1
405 verbose installOne of emojis-list to /Users/facultymatt/Sites/personal/august-2016-portfolio-redux-simple/node_modules/url-loader/node_modules/loader-utils not in flight; installing
406 verbose correctMkdir /Users/facultymatt/.npm/_locks correctMkdir not in flight; initializing
407 info installOne object-assign@4.1.0
408 verbose installOne of object-assign to /Users/facultymatt/Sites/personal/august-2016-portfolio-redux-simple/node_modules/url-loader/node_modules/loader-utils not in flight; installing
409 verbose correctMkdir /Users/facultymatt/.npm/_locks correctMkdir not in flight; initializing
410 verbose lock using /Users/facultymatt/.npm/_locks/json5-0a7e88a99b43688a.lock for /Users/facultymatt/Sites/personal/august-2016-portfolio-redux-simple/node_modules/url-loader/node_modules/loader-utils/node_modules/json5
411 verbose lock using /Users/facultymatt/.npm/_locks/big-js-ab156ea370265225.lock for /Users/facultymatt/Sites/personal/august-2016-portfolio-redux-simple/node_modules/url-loader/node_modules/loader-utils/node_modules/big.js
412 silly install write writing json5 0.5.0 to /Users/facultymatt/Sites/personal/august-2016-portfolio-redux-simple/node_modules/url-loader/node_modules/loader-utils/node_modules/json5
413 silly install write writing big.js 3.1.3 to /Users/facultymatt/Sites/personal/august-2016-portfolio-redux-simple/node_modules/url-loader/node_modules/loader-utils/node_modules/big.js
414 verbose lock using /Users/facultymatt/.npm/_locks/emojis-list-9e2aadf935dbe406.lock for /Users/facultymatt/Sites/personal/august-2016-portfolio-redux-simple/node_modules/url-loader/node_modules/loader-utils/node_modules/emojis-list
415 verbose lock using /Users/facultymatt/.npm/_locks/object-assign-736de0ccb91fcba4.lock for /Users/facultymatt/Sites/personal/august-2016-portfolio-redux-simple/node_modules/url-loader/node_modules/loader-utils/node_modules/object-assign
416 silly install write writing emojis-list 2.0.1 to /Users/facultymatt/Sites/personal/august-2016-portfolio-redux-simple/node_modules/url-loader/node_modules/loader-utils/node_modules/emojis-list
417 silly install write writing object-assign 4.1.0 to /Users/facultymatt/Sites/personal/august-2016-portfolio-redux-simple/node_modules/url-loader/node_modules/loader-utils/node_modules/object-assign
418 verbose unbuild node_modules/url-loader/node_modules/loader-utils/node_modules/big.js
419 verbose unbuild node_modules/url-loader/node_modules/loader-utils/node_modules/json5
420 verbose unbuild node_modules/url-loader/node_modules/loader-utils/node_modules/emojis-list
421 verbose unbuild node_modules/url-loader/node_modules/loader-utils/node_modules/object-assign
422 silly gentlyRm /Users/facultymatt/Sites/personal/august-2016-portfolio-redux-simple/node_modules/url-loader/node_modules/loader-utils/node_modules/big.js is being purged from base /Users/facultymatt/Sites/personal/august-2016-portfolio-redux-simple
423 verbose gentlyRm don't care about contents; nuking /Users/facultymatt/Sites/personal/august-2016-portfolio-redux-simple/node_modules/url-loader/node_modules/loader-utils/node_modules/big.js
424 silly gentlyRm /Users/facultymatt/Sites/personal/august-2016-portfolio-redux-simple/node_modules/url-loader/node_modules/loader-utils/node_modules/json5 is being purged from base /Users/facultymatt/Sites/personal/august-2016-portfolio-redux-simple
425 verbose gentlyRm don't care about contents; nuking /Users/facultymatt/Sites/personal/august-2016-portfolio-redux-simple/node_modules/url-loader/node_modules/loader-utils/node_modules/json5
426 verbose tar unpack /Users/facultymatt/.npm/big.js/3.1.3/package.tgz
427 verbose tar unpacking to /Users/facultymatt/Sites/personal/august-2016-portfolio-redux-simple/node_modules/url-loader/node_modules/loader-utils/node_modules/big.js
428 silly gentlyRm /Users/facultymatt/Sites/personal/august-2016-portfolio-redux-simple/node_modules/url-loader/node_modules/loader-utils/node_modules/big.js is being purged
429 verbose gentlyRm don't care about contents; nuking /Users/facultymatt/Sites/personal/august-2016-portfolio-redux-simple/node_modules/url-loader/node_modules/loader-utils/node_modules/big.js
430 silly gentlyRm /Users/facultymatt/Sites/personal/august-2016-portfolio-redux-simple/node_modules/url-loader/node_modules/loader-utils/node_modules/emojis-list is being purged from base /Users/facultymatt/Sites/personal/august-2016-portfolio-redux-simple
431 verbose gentlyRm don't care about contents; nuking /Users/facultymatt/Sites/personal/august-2016-portfolio-redux-simple/node_modules/url-loader/node_modules/loader-utils/node_modules/emojis-list
432 verbose tar unpack /Users/facultymatt/.npm/json5/0.5.0/package.tgz
433 verbose tar unpacking to /Users/facultymatt/Sites/personal/august-2016-portfolio-redux-simple/node_modules/url-loader/node_modules/loader-utils/node_modules/json5
434 silly gentlyRm /Users/facultymatt/Sites/personal/august-2016-portfolio-redux-simple/node_modules/url-loader/node_modules/loader-utils/node_modules/json5 is being purged
435 verbose gentlyRm don't care about contents; nuking /Users/facultymatt/Sites/personal/august-2016-portfolio-redux-simple/node_modules/url-loader/node_modules/loader-utils/node_modules/json5
436 silly gunzTarPerm modes [ '755', '644' ]
437 verbose tar unpack /Users/facultymatt/.npm/emojis-list/2.0.1/package.tgz
438 verbose tar unpacking to /Users/facultymatt/Sites/personal/august-2016-portfolio-redux-simple/node_modules/url-loader/node_modules/loader-utils/node_modules/emojis-list
439 silly gentlyRm /Users/facultymatt/Sites/personal/august-2016-portfolio-redux-simple/node_modules/url-loader/node_modules/loader-utils/node_modules/emojis-list is being purged
440 verbose gentlyRm don't care about contents; nuking /Users/facultymatt/Sites/personal/august-2016-portfolio-redux-simple/node_modules/url-loader/node_modules/loader-utils/node_modules/emojis-list
441 silly gunzTarPerm modes [ '755', '644' ]
442 silly gentlyRm /Users/facultymatt/Sites/personal/august-2016-portfolio-redux-simple/node_modules/url-loader/node_modules/loader-utils/node_modules/object-assign is being purged from base /Users/facultymatt/Sites/personal/august-2016-portfolio-redux-simple
443 verbose gentlyRm don't care about contents; nuking /Users/facultymatt/Sites/personal/august-2016-portfolio-redux-simple/node_modules/url-loader/node_modules/loader-utils/node_modules/object-assign
444 silly gunzTarPerm modes [ '755', '644' ]
445 verbose tar unpack /Users/facultymatt/.npm/object-assign/4.1.0/package.tgz
446 verbose tar unpacking to /Users/facultymatt/Sites/personal/august-2016-portfolio-redux-simple/node_modules/url-loader/node_modules/loader-utils/node_modules/object-assign
447 silly gentlyRm /Users/facultymatt/Sites/personal/august-2016-portfolio-redux-simple/node_modules/url-loader/node_modules/loader-utils/node_modules/object-assign is being purged
448 verbose gentlyRm don't care about contents; nuking /Users/facultymatt/Sites/personal/august-2016-portfolio-redux-simple/node_modules/url-loader/node_modules/loader-utils/node_modules/object-assign
449 silly gunzTarPerm modes [ '755', '644' ]
450 silly gunzTarPerm extractEntry package.json
451 silly gunzTarPerm modified mode [ 'package.json', 438, 420 ]
452 silly gunzTarPerm extractEntry package.json
453 silly gunzTarPerm modified mode [ 'package.json', 438, 420 ]
454 silly gunzTarPerm extractEntry package.json
455 silly gunzTarPerm extractEntry package.json
456 silly gunzTarPerm extractEntry README.md
457 silly gunzTarPerm modified mode [ 'README.md', 438, 420 ]
458 silly gunzTarPerm extractEntry LICENCE
459 silly gunzTarPerm modified mode [ 'LICENCE', 438, 420 ]
460 silly gunzTarPerm extractEntry README.md
461 silly gunzTarPerm modified mode [ 'README.md', 438, 420 ]
462 silly gunzTarPerm extractEntry CHANGELOG.md
463 silly gunzTarPerm modified mode [ 'CHANGELOG.md', 438, 420 ]
464 silly gunzTarPerm extractEntry README.md
465 silly gunzTarPerm extractEntry index.js
466 silly gunzTarPerm extractEntry index.js
467 silly gunzTarPerm extractEntry license
468 silly gunzTarPerm extractEntry big.js
469 silly gunzTarPerm modified mode [ 'big.js', 438, 420 ]
470 silly gunzTarPerm extractEntry big.min.js
471 silly gunzTarPerm modified mode [ 'big.min.js', 438, 420 ]
472 silly gunzTarPerm extractEntry lib/cli.js
473 silly gunzTarPerm modified mode [ 'lib/cli.js', 438, 420 ]
474 silly gunzTarPerm extractEntry CHANGELOG.md
475 silly gunzTarPerm extractEntry readme.md
476 silly gunzTarPerm extractEntry lib/json5.js
477 silly gunzTarPerm modified mode [ 'lib/json5.js', 438, 420 ]
478 silly gunzTarPerm extractEntry lib/require.js
479 silly gunzTarPerm modified mode [ 'lib/require.js', 438, 420 ]
480 silly gunzTarPerm extractEntry LICENSE.md
481 verbose write writing to /Users/facultymatt/Sites/personal/august-2016-portfolio-redux-simple/node_modules/url-loader/node_modules/loader-utils/node_modules/object-assign/package.json
482 info preinstall object-assign@4.1.0
483 verbose readDependencies loading dependencies from /Users/facultymatt/Sites/personal/august-2016-portfolio-redux-simple/node_modules/url-loader/node_modules/loader-utils/node_modules/object-assign/package.json
484 verbose write writing to /Users/facultymatt/Sites/personal/august-2016-portfolio-redux-simple/node_modules/url-loader/node_modules/loader-utils/node_modules/big.js/package.json
485 verbose write writing to /Users/facultymatt/Sites/personal/august-2016-portfolio-redux-simple/node_modules/url-loader/node_modules/loader-utils/node_modules/emojis-list/package.json
486 verbose readDependencies loading dependencies from /Users/facultymatt/Sites/personal/august-2016-portfolio-redux-simple/node_modules/url-loader/node_modules/loader-utils/node_modules/object-assign/package.json
487 info preinstall big.js@3.1.3
488 info preinstall emojis-list@2.0.1
489 silly install resolved []
490 verbose about to build /Users/facultymatt/Sites/personal/august-2016-portfolio-redux-simple/node_modules/url-loader/node_modules/loader-utils/node_modules/object-assign
491 info build /Users/facultymatt/Sites/personal/august-2016-portfolio-redux-simple/node_modules/url-loader/node_modules/loader-utils/node_modules/object-assign
492 verbose readDependencies loading dependencies from /Users/facultymatt/Sites/personal/august-2016-portfolio-redux-simple/node_modules/url-loader/node_modules/loader-utils/node_modules/big.js/package.json
493 verbose readDependencies loading dependencies from /Users/facultymatt/Sites/personal/august-2016-portfolio-redux-simple/node_modules/url-loader/node_modules/loader-utils/node_modules/emojis-list/package.json
494 info linkStuff object-assign@4.1.0
495 silly linkStuff object-assign@4.1.0 has /Users/facultymatt/Sites/personal/august-2016-portfolio-redux-simple/node_modules/url-loader/node_modules/loader-utils/node_modules as its parent node_modules
496 verbose write writing to /Users/facultymatt/Sites/personal/august-2016-portfolio-redux-simple/node_modules/url-loader/node_modules/loader-utils/node_modules/json5/package.json
497 verbose readDependencies loading dependencies from /Users/facultymatt/Sites/personal/august-2016-portfolio-redux-simple/node_modules/url-loader/node_modules/loader-utils/node_modules/big.js/package.json
498 verbose readDependencies loading dependencies from /Users/facultymatt/Sites/personal/august-2016-portfolio-redux-simple/node_modules/url-loader/node_modules/loader-utils/node_modules/emojis-list/package.json
499 info preinstall json5@0.5.0
500 silly install resolved []
501 verbose about to build /Users/facultymatt/Sites/personal/august-2016-portfolio-redux-simple/node_modules/url-loader/node_modules/loader-utils/node_modules/big.js
502 info build /Users/facultymatt/Sites/personal/august-2016-portfolio-redux-simple/node_modules/url-loader/node_modules/loader-utils/node_modules/big.js
503 silly install resolved []
504 verbose about to build /Users/facultymatt/Sites/personal/august-2016-portfolio-redux-simple/node_modules/url-loader/node_modules/loader-utils/node_modules/emojis-list
505 info build /Users/facultymatt/Sites/personal/august-2016-portfolio-redux-simple/node_modules/url-loader/node_modules/loader-utils/node_modules/emojis-list
506 verbose readDependencies loading dependencies from /Users/facultymatt/Sites/personal/august-2016-portfolio-redux-simple/node_modules/url-loader/node_modules/loader-utils/node_modules/json5/package.json
507 verbose linkBins object-assign@4.1.0
508 verbose linkMans object-assign@4.1.0
509 verbose rebuildBundles object-assign@4.1.0
510 info install object-assign@4.1.0
511 info linkStuff big.js@3.1.3
512 silly linkStuff big.js@3.1.3 has /Users/facultymatt/Sites/personal/august-2016-portfolio-redux-simple/node_modules/url-loader/node_modules/loader-utils/node_modules as its parent node_modules
513 info linkStuff emojis-list@2.0.1
514 silly linkStuff emojis-list@2.0.1 has /Users/facultymatt/Sites/personal/august-2016-portfolio-redux-simple/node_modules/url-loader/node_modules/loader-utils/node_modules as its parent node_modules
515 info postinstall object-assign@4.1.0
516 verbose readDependencies loading dependencies from /Users/facultymatt/Sites/personal/august-2016-portfolio-redux-simple/node_modules/url-loader/node_modules/loader-utils/node_modules/json5/package.json
517 verbose unlock done using /Users/facultymatt/.npm/_locks/object-assign-736de0ccb91fcba4.lock for /Users/facultymatt/Sites/personal/august-2016-portfolio-redux-simple/node_modules/url-loader/node_modules/loader-utils/node_modules/object-assign
518 verbose linkBins big.js@3.1.3
519 verbose linkMans big.js@3.1.3
520 verbose rebuildBundles big.js@3.1.3
521 verbose linkBins emojis-list@2.0.1
522 verbose linkMans emojis-list@2.0.1
523 verbose rebuildBundles emojis-list@2.0.1
524 info install big.js@3.1.3
525 info install emojis-list@2.0.1
526 silly install resolved []
527 verbose about to build /Users/facultymatt/Sites/personal/august-2016-portfolio-redux-simple/node_modules/url-loader/node_modules/loader-utils/node_modules/json5
528 info build /Users/facultymatt/Sites/personal/august-2016-portfolio-redux-simple/node_modules/url-loader/node_modules/loader-utils/node_modules/json5
529 info postinstall big.js@3.1.3
530 info postinstall emojis-list@2.0.1
531 verbose unlock done using /Users/facultymatt/.npm/_locks/big-js-ab156ea370265225.lock for /Users/facultymatt/Sites/personal/august-2016-portfolio-redux-simple/node_modules/url-loader/node_modules/loader-utils/node_modules/big.js
532 verbose unlock done using /Users/facultymatt/.npm/_locks/emojis-list-9e2aadf935dbe406.lock for /Users/facultymatt/Sites/personal/august-2016-portfolio-redux-simple/node_modules/url-loader/node_modules/loader-utils/node_modules/emojis-list
533 info linkStuff json5@0.5.0
534 silly linkStuff json5@0.5.0 has /Users/facultymatt/Sites/personal/august-2016-portfolio-redux-simple/node_modules/url-loader/node_modules/loader-utils/node_modules as its parent node_modules
535 verbose linkBins json5@0.5.0
536 verbose link bins [ { json5: 'lib/cli.js' },
536 verbose link bins   '/Users/facultymatt/Sites/personal/august-2016-portfolio-redux-simple/node_modules/url-loader/node_modules/loader-utils/node_modules/.bin',
536 verbose link bins   false ]
537 verbose linkMans json5@0.5.0
538 verbose rebuildBundles json5@0.5.0
539 silly gentlyRm /Users/facultymatt/Sites/personal/august-2016-portfolio-redux-simple/node_modules/url-loader/node_modules/loader-utils/node_modules/.bin/json5 is being purged
540 verbose gentlyRm don't care about contents; nuking /Users/facultymatt/Sites/personal/august-2016-portfolio-redux-simple/node_modules/url-loader/node_modules/loader-utils/node_modules/.bin/json5
541 info install json5@0.5.0
542 info postinstall json5@0.5.0
543 verbose unlock done using /Users/facultymatt/.npm/_locks/json5-0a7e88a99b43688a.lock for /Users/facultymatt/Sites/personal/august-2016-portfolio-redux-simple/node_modules/url-loader/node_modules/loader-utils/node_modules/json5
544 verbose about to build /Users/facultymatt/Sites/personal/august-2016-portfolio-redux-simple/node_modules/url-loader/node_modules/loader-utils
545 info build /Users/facultymatt/Sites/personal/august-2016-portfolio-redux-simple/node_modules/url-loader/node_modules/loader-utils
546 info linkStuff loader-utils@0.2.15
547 silly linkStuff loader-utils@0.2.15 has /Users/facultymatt/Sites/personal/august-2016-portfolio-redux-simple/node_modules/url-loader/node_modules as its parent node_modules
548 verbose linkBins loader-utils@0.2.15
549 verbose linkMans loader-utils@0.2.15
550 verbose rebuildBundles loader-utils@0.2.15
551 verbose rebuildBundles [ '.bin', 'big.js', 'emojis-list', 'json5', 'object-assign' ]
552 info install loader-utils@0.2.15
553 info postinstall loader-utils@0.2.15
554 verbose unlock done using /Users/facultymatt/.npm/_locks/loader-utils-13d78ef1e49ee9ac.lock for /Users/facultymatt/Sites/personal/august-2016-portfolio-redux-simple/node_modules/url-loader/node_modules/loader-utils
555 verbose about to build /Users/facultymatt/Sites/personal/august-2016-portfolio-redux-simple/node_modules/url-loader
556 info build /Users/facultymatt/Sites/personal/august-2016-portfolio-redux-simple/node_modules/url-loader
557 info linkStuff url-loader@0.5.7
558 silly linkStuff url-loader@0.5.7 has /Users/facultymatt/Sites/personal/august-2016-portfolio-redux-simple/node_modules as its parent node_modules
559 verbose linkBins url-loader@0.5.7
560 verbose linkMans url-loader@0.5.7
561 verbose rebuildBundles url-loader@0.5.7
562 verbose rebuildBundles [ 'loader-utils', 'mime' ]
563 info install url-loader@0.5.7
564 info postinstall url-loader@0.5.7
565 verbose unlock done using /Users/facultymatt/.npm/_locks/url-loader-71a09c2a05ec4783.lock for /Users/facultymatt/Sites/personal/august-2016-portfolio-redux-simple/node_modules/url-loader
566 verbose validateInstall loading /Users/facultymatt/Sites/personal/august-2016-portfolio-redux-simple/package.json for validation
567 verbose stack Error: The package webpack@2.1.0-beta.20 does not satisfy its siblings' peerDependencies requirements!
567 verbose stack     at /usr/local/lib/node_modules/npm/lib/install.js:125:32
567 verbose stack     at /usr/local/lib/node_modules/npm/lib/install.js:268:7
567 verbose stack     at /usr/local/lib/node_modules/npm/node_modules/read-installed/read-installed.js:142:5
567 verbose stack     at /usr/local/lib/node_modules/npm/node_modules/read-installed/read-installed.js:263:14
567 verbose stack     at cb (/usr/local/lib/node_modules/npm/node_modules/slide/lib/async-map.js:47:24)
567 verbose stack     at /usr/local/lib/node_modules/npm/node_modules/read-installed/read-installed.js:263:14
567 verbose stack     at cb (/usr/local/lib/node_modules/npm/node_modules/slide/lib/async-map.js:47:24)
567 verbose stack     at /usr/local/lib/node_modules/npm/node_modules/read-installed/read-installed.js:263:14
567 verbose stack     at cb (/usr/local/lib/node_modules/npm/node_modules/slide/lib/async-map.js:47:24)
567 verbose stack     at /usr/local/lib/node_modules/npm/node_modules/read-installed/read-installed.js:263:14
568 verbose cwd /Users/facultymatt/Sites/personal/august-2016-portfolio-redux-simple
569 error Darwin 15.6.0
570 error argv "/usr/local/bin/node" "/usr/local/bin/npm" "install" "url-loader" "--save-dev"
571 error node v4.4.7
572 error npm  v2.15.8
573 error code EPEERINVALID
574 error peerinvalid The package webpack@2.1.0-beta.20 does not satisfy its siblings' peerDependencies requirements!
574 error peerinvalid Peer babel-loader@6.2.5 wants webpack@1 || ^2.1.0-beta
574 error peerinvalid Peer extract-text-webpack-plugin@2.0.0-beta.3 wants webpack@^2.1.0-beta
574 error peerinvalid Peer sass-loader@3.2.3 wants webpack@^1.12.6 || ^2.1.0-beta
574 error peerinvalid Peer karma-webpack@1.8.0 wants webpack@^1.1.0 || ^2 || ^2.1.0-beta
574 error peerinvalid Peer html-webpack-plugin@2.22.0 wants webpack@*
575 verbose exit [ 1, true ]
